2012-11-20 14:37:02,394 INFO need more status jobs...
2012-11-20 14:37:02,683 INFO need more status jobs...
2012-11-20 14:37:02,982 INFO need more status jobs...
2012-11-20 14:37:03,294 INFO need more status jobs...
2012-11-20 14:40:17,780 INFO need more status jobs...
2012-11-20 14:40:17,891 INFO need more status jobs...
2012-11-20 14:40:18,011 INFO need more status jobs...
2012-11-20 14:40:18,131 INFO need more status jobs...
2012-11-20 14:40:18,242 INFO need more status jobs...
2012-11-20 14:40:18,372 INFO need more status jobs...
2012-11-20 14:40:18,492 INFO need more status jobs...
2012-11-20 14:40:18,623 INFO need more status jobs...
2012-11-20 14:40:18,744 INFO need more status jobs...
2012-11-20 14:50:39,193 INFO need more status jobs...
2012-11-20 15:02:27,712 INFO need more status jobs...
2012-11-20 15:05:18,680 INFO need more status jobs...
2012-11-20 15:06:31,357 INFO job_type:follow only has 0 jobs, needs more
2012-11-20 15:06:40,788 INFO job_type:user_weibo only has 0 jobs, needs more
2012-11-20 15:51:40,302 INFO need more status jobs...
2012-11-20 15:53:47,212 INFO need more status jobs...
2012-11-20 15:55:10,669 INFO need more status jobs...
2012-11-20 15:58:03,204 INFO need more status jobs...
2012-11-20 15:59:19,393 INFO need more status jobs...
2012-11-20 16:00:45,331 INFO need more status jobs...
2012-11-20 16:01:59,610 INFO need more status jobs...
2012-11-20 16:03:37,565 INFO need more status jobs...
2012-11-20 16:05:00,182 INFO need more status jobs...
2012-11-20 16:05:56,218 INFO need more status jobs...
2012-11-20 16:08:39,683 INFO need more status jobs...
2012-11-20 16:10:31,532 INFO need more status jobs...
2012-11-20 16:11:34,431 INFO need more status jobs...
2012-11-20 16:13:28,503 INFO need more status jobs...
2012-11-20 16:16:30,721 INFO need more status jobs...
2012-11-20 16:17:35,244 INFO need more status jobs...
2012-11-20 16:20:13,530 INFO need more status jobs...
2012-11-20 16:21:19,243 INFO need more status jobs...
2012-11-20 16:21:54,158 INFO job_type:follow only has 0 jobs, needs more
2012-11-20 16:32:28,011 INFO job_type:follow only has 0 jobs, needs more
2012-11-20 16:46:28,622 INFO job_type:follow only has 0 jobs, needs more
2012-11-20 17:02:10,545 INFO need more status jobs...
2012-11-20 17:02:25,708 INFO need more status jobs...
2012-11-20 17:05:03,304 INFO need more status jobs...
2012-11-20 19:25:44,489 INFO job_type:follow only has 0 jobs, needs more
2012-11-20 19:25:53,894 INFO job_type:user_weibo only has 0 jobs, needs more
2012-11-20 19:26:03,258 INFO job_type:statuses_show only has 0 jobs, needs more
2012-11-20 19:26:12,621 INFO job_type:bi_follow_id only has 0 jobs, needs more
